2020-09-05 22:30:02 PM - root - WARNING[line:86] -03 loggingÄ£¿é:  warning message test2
2020-09-05 22:30:02 PM - root - ERROR[line:87] -03 loggingÄ£¿é:  error message test2
2020-09-05 22:30:02 PM - root - CRITICAL[line:88] -03 loggingÄ£¿é:  critical message test2
2020-09-05 22:39:09 PM - root - DEBUG[line:101] -03 loggingæ¨¡å—:  debug 
2020-09-05 22:39:09 PM - root - WARNING[line:102] -03 loggingæ¨¡å—:  warning message test2
2020-09-05 22:39:09 PM - root - ERROR[line:103] -03 loggingæ¨¡å—:  error message test2
2020-09-05 22:39:09 PM - root - CRITICAL[line:104] -03 loggingæ¨¡å—:  critical message test2
2020-09-05 22:40:00 PM - root - DEBUG[line:102] -03 loggingæ¨¡å—:  debug 
2020-09-05 22:40:00 PM - root - WARNING[line:103] -03 loggingæ¨¡å—:  warning message test2
2020-09-05 22:40:00 PM - root - ERROR[line:104] -03 loggingæ¨¡å—:  error message test2
2020-09-05 22:40:00 PM - root - CRITICAL[line:105] -03 loggingæ¨¡å—:  critical message test2
2020-09-05 22:53:49 PM - root - ERROR[line:127] -03 loggingæ¨¡å—:  error1
2020-09-05 22:53:50 PM - root - ERROR[line:127] -03 loggingæ¨¡å—:  error2
2020-09-05 22:53:51 PM - root - ERROR[line:127] -03 loggingæ¨¡å—:  error3
2020-09-05 22:53:52 PM - root - ERROR[line:127] -03 loggingæ¨¡å—:  error4
2020-09-05 22:53:53 PM - root - ERROR[line:127] -03 loggingæ¨¡å—:  error5
2020-09-05 22:53:54 PM - root - ERROR[line:127] -03 loggingæ¨¡å—:  error6
2020-09-05 22:53:55 PM - root - ERROR[line:127] -03 loggingæ¨¡å—:  error7
2020-09-05 22:53:56 PM - root - ERROR[line:127] -03 loggingæ¨¡å—:  error8
2020-09-05 22:53:57 PM - root - ERROR[line:127] -03 loggingæ¨¡å—:  error9
